[TRACE] 2022/04/20 16:10:17.536458 [nelog.go:78]127.0.0.1 - [Wed, 20 Apr 2022 16:10:17 CST] "GET /api/admin/sys/megetlist?_t=1650442217479 HTTP/1.1 200 9.7622ms "Mozilla/5.0 (Windows NT 10.0; Win64; x64) AppleWebKit/537.36 (KHTML, like Gecko) Chrome/100.0.4896.88 Safari/537.36" "

[TRACE] 2022/04/20 16:10:17.536458 [nelog.go:78]请求body: map[]
[TRACE] 2022/04/20 16:10:17.536458 [nelog.go:78]-----------------------------------------------------------------------
[TRACE] 2022/04/20 16:10:34.568215 [gorm.go:24]E:/golang/src/newe-serve/app/model/sysDepart.go:45
[1.509ms] [rows:4] SELECT * FROM `sys_depart` ORDER BY sort_no asc
[TRACE] 2022/04/20 16:10:34.568500 [nelog.go:78]127.0.0.1 - [Wed, 20 Apr 2022 16:10:34 CST] "GET /api/admin/sys/deptgetlist?_t=1650442234550 HTTP/1.1 200 1.7948ms "Mozilla/5.0 (Windows NT 10.0; Win64; x64) AppleWebKit/537.36 (KHTML, like Gecko) Chrome/100.0.4896.88 Safari/537.36" "

[TRACE] 2022/04/20 16:10:34.568500 [nelog.go:78]请求body: map[]
[TRACE] 2022/04/20 16:10:34.568500 [nelog.go:78]-----------------------------------------------------------------------
[TRACE] 2022/04/20 16:12:22.518262 [gorm.go:24]E:/golang/src/newe-serve/app/model/sysMenus.go:44
[0.532ms] [rows:6] SELECT * FROM `sys_menus` ORDER BY sort_no asc
[TRACE] 2022/04/20 16:12:22.518952 [nelog.go:78]127.0.0.1 - [Wed, 20 Apr 2022 16:12:22 CST] "GET /api/admin/sys/megetlist?_t=1650442342489 HTTP/1.1 200 1.1602ms "Mozilla/5.0 (Windows NT 10.0; Win64; x64) AppleWebKit/537.36 (KHTML, like Gecko) Chrome/100.0.4896.88 Safari/537.36" "

[TRACE] 2022/04/20 16:12:22.518952 [nelog.go:78]请求body: map[]
[TRACE] 2022/04/20 16:12:22.518952 [nelog.go:78]-----------------------------------------------------------------------
[TRACE] 2022/04/20 16:15:17.538205 ================ LOG SEQ SIZE:0 ==================
[TRACE] 2022/04/20 16:18:57.733533 [gorm.go:24]E:/golang/src/newe-serve/app/model/sysDepart.go:45
[0.506ms] [rows:4] SELECT * FROM `sys_depart` ORDER BY sort_no asc
[TRACE] 2022/04/20 16:18:57.734262 [nelog.go:78]127.0.0.1 - [Wed, 20 Apr 2022 16:18:57 CST] "GET /api/admin/sys/deptgetlist?_t=1650442737720 HTTP/1.1 200 1.2348ms "Mozilla/5.0 (Windows NT 10.0; Win64; x64) AppleWebKit/537.36 (KHTML, like Gecko) Chrome/100.0.4896.88 Safari/537.36" "

[TRACE] 2022/04/20 16:18:57.734262 [nelog.go:78]请求body: map[]
[TRACE] 2022/04/20 16:18:57.734262 [nelog.go:78]-----------------------------------------------------------------------
[TRACE] 2022/04/20 16:20:17.537445 ================ LOG SEQ SIZE:0 ==================
[TRACE] 2022/04/20 16:25:17.541381 ================ LOG SEQ SIZE:0 ==================
[TRACE] 2022/04/20 16:30:17.541708 ================ LOG SEQ SIZE:0 ==================
[TRACE] 2022/04/20 16:35:17.549089 ================ LOG SEQ SIZE:0 ==================
[TRACE] 2022/04/20 16:40:17.541114 ================ LOG SEQ SIZE:0 ==================
[TRACE] 2022/04/20 16:45:17.536906 ================ LOG SEQ SIZE:0 ==================
[TRACE] 2022/04/20 16:50:17.547634 ================ LOG SEQ SIZE:0 ==================
[TRACE] 2022/04/20 16:55:17.550127 ================ LOG SEQ SIZE:0 ==================
[TRACE] 2022/04/20 17:00:17.537149 ================ LOG SEQ SIZE:0 ==================
[TRACE] 2022/04/20 17:05:17.548919 ================ LOG SEQ SIZE:0 ==================
[TRACE] 2022/04/20 17:10:17.540772 ================ LOG SEQ SIZE:0 ==================
[TRACE] 2022/04/20 17:15:17.546049 ================ LOG SEQ SIZE:0 ==================
[TRACE] 2022/04/20 17:20:17.548369 ================ LOG SEQ SIZE:0 ==================
[TRACE] 2022/04/20 17:25:17.541740 ================ LOG SEQ SIZE:0 ==================
[TRACE] 2022/04/20 17:30:17.547911 ================ LOG SEQ SIZE:0 ==================
[TRACE] 2022/04/20 17:35:17.539013 ================ LOG SEQ SIZE:0 ==================
[TRACE] 2022/04/20 17:40:17.547380 ================ LOG SEQ SIZE:0 ==================
[TRACE] 2022/04/20 17:45:17.548045 ================ LOG SEQ SIZE:0 ==================
[TRACE] 2022/04/20 17:50:17.546682 ================ LOG SEQ SIZE:0 ==================
[TRACE] 2022/04/20 17:55:17.541220 ================ LOG SEQ SIZE:0 ==================
[TRACE] 2022/04/20 18:00:17.536578 ================ LOG SEQ SIZE:0 ==================
[TRACE] 2022/04/20 18:05:17.545675 ================ LOG SEQ SIZE:0 ==================
[TRACE] 2022/04/20 18:10:17.550157 ================ LOG SEQ SIZE:0 ==================
[TRACE] 2022/04/20 18:15:17.550047 ================ LOG SEQ SIZE:0 ==================
[TRACE] 2022/04/20 18:20:17.542338 ================ LOG SEQ SIZE:0 ==================
[TRACE] 2022/04/20 18:25:17.548034 ================ LOG SEQ SIZE:0 ==================
[TRACE] 2022/04/20 18:30:17.537163 ================ LOG SEQ SIZE:0 ==================
[TRACE] 2022/04/20 18:35:17.537325 ================ LOG SEQ SIZE:0 ==================
[TRACE] 2022/04/20 18:40:17.548960 ================ LOG SEQ SIZE:0 ==================
[TRACE] 2022/04/20 18:45:17.540939 ================ LOG SEQ SIZE:0 ==================
[TRACE] 2022/04/20 18:50:17.550891 ================ LOG SEQ SIZE:0 ==================
[TRACE] 2022/04/20 18:55:17.539511 ================ LOG SEQ SIZE:0 ==================
[TRACE] 2022/04/20 19:00:17.550889 ================ LOG SEQ SIZE:0 ==================
[TRACE] 2022/04/20 19:05:17.545564 ================ LOG SEQ SIZE:0 ==================
[TRACE] 2022/04/20 19:10:17.547888 ================ LOG SEQ SIZE:0 ==================
[TRACE] 2022/04/20 19:15:17.538607 ================ LOG SEQ SIZE:0 ==================
[TRACE] 2022/04/20 19:20:17.536005 ================ LOG SEQ SIZE:0 ==================
[TRACE] 2022/04/20 19:25:17.537989 ================ LOG SEQ SIZE:0 ==================
[TRACE] 2022/04/20 19:30:17.537083 ================ LOG SEQ SIZE:0 ==================
[TRACE] 2022/04/20 19:35:17.542354 ================ LOG SEQ SIZE:0 ==================
[TRACE] 2022/04/20 19:40:17.537531 ================ LOG SEQ SIZE:0 ==================
[TRACE] 2022/04/20 19:45:17.546651 ================ LOG SEQ SIZE:0 ==================
[TRACE] 2022/04/20 19:50:17.540745 ================ LOG SEQ SIZE:0 ==================
[TRACE] 2022/04/20 19:55:17.535826 ================ LOG SEQ SIZE:0 ==================
[TRACE] 2022/04/20 20:00:17.546655 ================ LOG SEQ SIZE:0 ==================
[TRACE] 2022/04/20 20:05:17.540002 ================ LOG SEQ SIZE:0 ==================
[TRACE] 2022/04/20 20:10:17.548071 ================ LOG SEQ SIZE:0 ==================
[TRACE] 2022/04/20 20:15:17.549672 ================ LOG SEQ SIZE:0 ==================
[TRACE] 2022/04/20 20:20:17.548126 ================ LOG SEQ SIZE:0 ==================
[TRACE] 2022/04/20 20:25:17.540993 ================ LOG SEQ SIZE:0 ==================
[TRACE] 2022/04/20 20:30:17.551381 ================ LOG SEQ SIZE:0 ==================
[TRACE] 2022/04/20 20:35:17.543125 ================ LOG SEQ SIZE:0 ==================
[TRACE] 2022/04/20 20:40:17.537276 ================ LOG SEQ SIZE:0 ==================
[TRACE] 2022/04/20 20:45:17.551139 ================ LOG SEQ SIZE:0 ==================
[TRACE] 2022/04/20 20:50:17.540332 ================ LOG SEQ SIZE:0 ==================
[TRACE] 2022/04/20 20:55:17.548136 ================ LOG SEQ SIZE:0 ==================
[TRACE] 2022/04/20 21:00:17.546571 ================ LOG SEQ SIZE:0 ==================
[TRACE] 2022/04/20 21:05:17.539081 ================ LOG SEQ SIZE:0 ==================
[TRACE] 2022/04/20 21:10:17.549197 ================ LOG SEQ SIZE:0 ==================
[TRACE] 2022/04/20 21:15:17.549723 ================ LOG SEQ SIZE:0 ==================
[TRACE] 2022/04/20 21:20:17.541040 ================ LOG SEQ SIZE:0 ==================
[TRACE] 2022/04/20 21:25:17.537786 ================ LOG SEQ SIZE:0 ==================
[TRACE] 2022/04/20 21:30:17.542055 ================ LOG SEQ SIZE:0 ==================
[TRACE] 2022/04/20 21:35:17.549803 ================ LOG SEQ SIZE:0 ==================
[TRACE] 2022/04/20 21:40:17.538284 ================ LOG SEQ SIZE:0 ==================
[TRACE] 2022/04/20 21:45:17.536215 ================ LOG SEQ SIZE:0 ==================
[TRACE] 2022/04/20 21:50:17.551307 ================ LOG SEQ SIZE:0 ==================
[TRACE] 2022/04/20 21:55:17.547442 ================ LOG SEQ SIZE:0 ==================
[TRACE] 2022/04/20 22:00:17.543163 ================ LOG SEQ SIZE:0 ==================
[TRACE] 2022/04/20 22:05:17.536111 ================ LOG SEQ SIZE:0 ==================
[TRACE] 2022/04/20 22:10:17.538698 ================ LOG SEQ SIZE:0 ==================
[TRACE] 2022/04/20 22:15:17.539209 ================ LOG SEQ SIZE:0 ==================
[TRACE] 2022/04/20 22:20:17.543656 ================ LOG SEQ SIZE:0 ==================
[TRACE] 2022/04/20 22:25:17.549932 ================ LOG SEQ SIZE:0 ==================
[TRACE] 2022/04/20 22:30:17.544901 ================ LOG SEQ SIZE:0 ==================
[TRACE] 2022/04/20 22:35:17.547040 ================ LOG SEQ SIZE:0 ==================
[TRACE] 2022/04/20 22:40:17.550532 ================ LOG SEQ SIZE:0 ==================
[TRACE] 2022/04/20 22:45:17.538308 ================ LOG SEQ SIZE:0 ==================
[TRACE] 2022/04/20 22:50:17.539573 ================ LOG SEQ SIZE:0 ==================
[TRACE] 2022/04/20 22:55:17.535881 ================ LOG SEQ SIZE:0 ==================
[TRACE] 2022/04/20 23:00:17.541797 ================ LOG SEQ SIZE:0 ==================
[TRACE] 2022/04/20 23:05:17.540625 ================ LOG SEQ SIZE:0 ==================
[TRACE] 2022/04/20 23:10:17.542663 ================ LOG SEQ SIZE:0 ==================
[TRACE] 2022/04/20 23:15:17.541905 ================ LOG SEQ SIZE:0 ==================
[TRACE] 2022/04/20 23:20:17.539735 ================ LOG SEQ SIZE:0 ==================
[TRACE] 2022/04/20 23:25:17.545978 ================ LOG SEQ SIZE:0 ==================
[TRACE] 2022/04/20 23:30:17.545082 ================ LOG SEQ SIZE:0 ==================
[TRACE] 2022/04/20 23:35:17.546286 ================ LOG SEQ SIZE:0 ==================
[TRACE] 2022/04/20 23:40:17.545062 ================ LOG SEQ SIZE:0 ==================
[TRACE] 2022/04/20 23:45:17.547927 ================ LOG SEQ SIZE:0 ==================
[TRACE] 2022/04/20 23:50:17.547909 ================ LOG SEQ SIZE:0 ==================
[TRACE] 2022/04/20 23:55:17.548755 ================ LOG SEQ SIZE:0 ==================
[TRACE] 2022/04/21 00:00:17.551326 ================ LOG SEQ SIZE:0 ==================
[TRACE] 2022/04/21 00:05:17.545681 ================ LOG SEQ SIZE:0 ==================
[TRACE] 2022/04/21 00:10:17.541082 ================ LOG SEQ SIZE:0 ==================
[TRACE] 2022/04/21 00:15:17.550646 ================ LOG SEQ SIZE:0 ==================
[TRACE] 2022/04/21 00:20:17.543092 ================ LOG SEQ SIZE:0 ==================
[TRACE] 2022/04/21 00:25:17.544707 ================ LOG SEQ SIZE:0 ==================
[TRACE] 2022/04/21 00:30:17.536470 ================ LOG SEQ SIZE:0 ==================
[TRACE] 2022/04/21 00:35:17.537643 ================ LOG SEQ SIZE:0 ==================
[TRACE] 2022/04/21 00:40:17.541017 ================ LOG SEQ SIZE:0 ==================
[TRACE] 2022/04/21 00:45:17.536163 ================ LOG SEQ SIZE:0 ==================
[TRACE] 2022/04/21 00:50:17.550458 ================ LOG SEQ SIZE:0 ==================
[TRACE] 2022/04/21 00:55:17.541373 ================ LOG SEQ SIZE:0 ==================
[TRACE] 2022/04/21 01:00:17.547288 ================ LOG SEQ SIZE:0 ==================
[TRACE] 2022/04/21 01:05:17.537827 ================ LOG SEQ SIZE:0 ==================
[TRACE] 2022/04/21 01:10:17.541983 ================ LOG SEQ SIZE:0 ==================
[TRACE] 2022/04/21 01:15:17.545477 ================ LOG SEQ SIZE:0 ==================
[TRACE] 2022/04/21 01:20:17.537496 ================ LOG SEQ SIZE:0 ==================
[TRACE] 2022/04/21 01:25:17.540068 ================ LOG SEQ SIZE:0 ==================
[TRACE] 2022/04/21 01:30:17.546790 ================ LOG SEQ SIZE:0 ==================
[TRACE] 2022/04/21 01:35:17.537552 ================ LOG SEQ SIZE:0 ==================
[TRACE] 2022/04/21 01:40:17.538650 ================ LOG SEQ SIZE:0 ==================
[TRACE] 2022/04/21 01:45:17.537682 ================ LOG SEQ SIZE:0 ==================
[TRACE] 2022/04/21 01:50:17.549555 ================ LOG SEQ SIZE:0 ==================
[TRACE] 2022/04/21 01:55:17.540436 ================ LOG SEQ SIZE:0 ==================
[TRACE] 2022/04/21 02:00:17.539450 ================ LOG SEQ SIZE:0 ==================
[TRACE] 2022/04/21 02:05:17.547562 ================ LOG SEQ SIZE:0 ==================
[TRACE] 2022/04/21 02:10:17.543363 ================ LOG SEQ SIZE:0 ==================
[TRACE] 2022/04/21 02:15:17.537053 ================ LOG SEQ SIZE:0 ==================
[TRACE] 2022/04/21 02:20:17.549624 ================ LOG SEQ SIZE:0 ==================
[TRACE] 2022/04/21 02:25:17.542526 ================ LOG SEQ SIZE:0 ==================
[TRACE] 2022/04/21 02:30:17.543479 ================ LOG SEQ SIZE:0 ==================
[TRACE] 2022/04/21 02:35:17.549536 ================ LOG SEQ SIZE:0 ==================
[TRACE] 2022/04/21 02:40:17.539282 ================ LOG SEQ SIZE:0 ==================
[TRACE] 2022/04/21 02:45:17.539561 ================ LOG SEQ SIZE:0 ==================
[TRACE] 2022/04/21 02:50:17.542591 ================ LOG SEQ SIZE:0 ==================
[TRACE] 2022/04/21 02:55:17.535843 ================ LOG SEQ SIZE:0 ==================
[TRACE] 2022/04/21 03:00:17.543947 ================ LOG SEQ SIZE:0 ==================
[TRACE] 2022/04/21 03:05:17.546475 ================ LOG SEQ SIZE:0 ==================
[TRACE] 2022/04/21 03:10:17.543218 ================ LOG SEQ SIZE:0 ==================
[TRACE] 2022/04/21 03:15:17.537921 ================ LOG SEQ SIZE:0 ==================
[TRACE] 2022/04/21 03:20:17.537118 ================ LOG SEQ SIZE:0 ==================
[TRACE] 2022/04/21 03:25:17.540658 ================ LOG SEQ SIZE:0 ==================
[TRACE] 2022/04/21 03:30:17.538970 ================ LOG SEQ SIZE:0 ==================
[TRACE] 2022/04/21 03:35:17.545940 ================ LOG SEQ SIZE:0 ==================
[TRACE] 2022/04/21 03:40:17.544700 ================ LOG SEQ SIZE:0 ==================
[TRACE] 2022/04/21 03:45:17.537446 ================ LOG SEQ SIZE:0 ==================
[TRACE] 2022/04/21 03:50:17.542006 ================ LOG SEQ SIZE:0 ==================
[TRACE] 2022/04/21 03:55:17.544191 ================ LOG SEQ SIZE:0 ==================
[TRACE] 2022/04/21 04:00:17.539832 ================ LOG SEQ SIZE:0 ==================
[TRACE] 2022/04/21 04:05:17.549715 ================ LOG SEQ SIZE:0 ==================
[TRACE] 2022/04/21 04:10:17.548333 ================ LOG SEQ SIZE:0 ==================
[TRACE] 2022/04/21 04:15:17.544393 ================ LOG SEQ SIZE:0 ==================
[TRACE] 2022/04/21 04:20:17.546608 ================ LOG SEQ SIZE:0 ==================
[TRACE] 2022/04/21 04:25:17.544495 ================ LOG SEQ SIZE:0 ==================
[TRACE] 2022/04/21 04:30:17.545369 ================ LOG SEQ SIZE:0 ==================
[TRACE] 2022/04/21 04:35:17.535687 ================ LOG SEQ SIZE:0 ==================
[TRACE] 2022/04/21 04:40:17.547185 ================ LOG SEQ SIZE:0 ==================
[TRACE] 2022/04/21 04:45:17.539708 ================ LOG SEQ SIZE:0 ==================
[TRACE] 2022/04/21 04:50:17.549951 ================ LOG SEQ SIZE:0 ==================
[TRACE] 2022/04/21 04:55:17.544678 ================ LOG SEQ SIZE:0 ==================
[TRACE] 2022/04/21 05:00:17.539146 ================ LOG SEQ SIZE:0 ==================
[TRACE] 2022/04/21 05:05:17.538706 ================ LOG SEQ SIZE:0 ==================
[TRACE] 2022/04/21 05:10:17.548491 ================ LOG SEQ SIZE:0 ==================
[TRACE] 2022/04/21 05:15:17.537654 ================ LOG SEQ SIZE:0 ==================
[TRACE] 2022/04/21 05:20:17.549576 ================ LOG SEQ SIZE:0 ==================
[TRACE] 2022/04/21 05:25:17.542408 ================ LOG SEQ SIZE:0 ==================
[TRACE] 2022/04/21 05:30:17.537669 ================ LOG SEQ SIZE:0 ==================
[TRACE] 2022/04/21 05:35:17.547536 ================ LOG SEQ SIZE:0 ==================
[TRACE] 2022/04/21 05:40:17.550117 ================ LOG SEQ SIZE:0 ==================
[TRACE] 2022/04/21 05:45:17.539431 ================ LOG SEQ SIZE:0 ==================
[TRACE] 2022/04/21 05:50:17.549433 ================ LOG SEQ SIZE:0 ==================
[TRACE] 2022/04/21 05:55:17.536113 ================ LOG SEQ SIZE:0 ==================
[TRACE] 2022/04/21 06:00:17.546772 ================ LOG SEQ SIZE:0 ==================
[TRACE] 2022/04/21 06:05:17.549716 ================ LOG SEQ SIZE:0 ==================
[TRACE] 2022/04/21 06:10:17.547672 ================ LOG SEQ SIZE:0 ==================
[TRACE] 2022/04/21 06:15:17.550540 ================ LOG SEQ SIZE:0 ==================
[TRACE] 2022/04/21 06:20:17.545548 ================ LOG SEQ SIZE:0 ==================
[TRACE] 2022/04/21 06:25:17.539287 ================ LOG SEQ SIZE:0 ==================
[TRACE] 2022/04/21 06:30:17.544402 ================ LOG SEQ SIZE:0 ==================
[TRACE] 2022/04/21 06:35:17.544648 ================ LOG SEQ SIZE:0 ==================
[TRACE] 2022/04/21 06:40:17.549547 ================ LOG SEQ SIZE:0 ==================
[TRACE] 2022/04/21 06:45:17.540925 ================ LOG SEQ SIZE:0 ==================
[TRACE] 2022/04/21 06:50:17.548759 ================ LOG SEQ SIZE:0 ==================
[TRACE] 2022/04/21 06:55:16.243913 ================ LOG SEQ SIZE:0 ==================
[TRACE] 2022/04/21 07:00:16.251704 ================ LOG SEQ SIZE:0 ==================
[TRACE] 2022/04/21 07:05:16.246377 ================ LOG SEQ SIZE:0 ==================
[TRACE] 2022/04/21 07:10:16.244365 ================ LOG SEQ SIZE:0 ==================
[TRACE] 2022/04/21 07:15:16.247962 ================ LOG SEQ SIZE:0 ==================
[TRACE] 2022/04/21 07:20:16.247006 ================ LOG SEQ SIZE:0 ==================
[TRACE] 2022/04/21 07:25:16.244736 ================ LOG SEQ SIZE:0 ==================
[TRACE] 2022/04/21 07:30:16.238379 ================ LOG SEQ SIZE:0 ==================
[TRACE] 2022/04/21 07:35:16.242787 ================ LOG SEQ SIZE:0 ==================
[TRACE] 2022/04/21 07:40:16.244904 ================ LOG SEQ SIZE:0 ==================
[TRACE] 2022/04/21 07:45:16.251537 ================ LOG SEQ SIZE:0 ==================
[TRACE] 2022/04/21 07:50:16.242192 ================ LOG SEQ SIZE:0 ==================
[TRACE] 2022/04/21 07:55:16.245743 ================ LOG SEQ SIZE:0 ==================
[TRACE] 2022/04/21 08:00:16.239620 ================ LOG SEQ SIZE:0 ==================
[TRACE] 2022/04/21 08:05:16.252177 ================ LOG SEQ SIZE:0 ==================
[TRACE] 2022/04/21 08:10:16.237837 ================ LOG SEQ SIZE:0 ==================
[TRACE] 2022/04/21 08:15:16.242828 ================ LOG SEQ SIZE:0 ==================
[TRACE] 2022/04/21 08:20:16.245289 ================ LOG SEQ SIZE:0 ==================
[TRACE] 2022/04/21 08:25:16.250417 ================ LOG SEQ SIZE:0 ==================
[TRACE] 2022/04/21 08:30:16.246275 ================ LOG SEQ SIZE:0 ==================
[TRACE] 2022/04/21 08:35:16.248430 ================ LOG SEQ SIZE:0 ==================
[TRACE] 2022/04/21 08:40:16.244190 ================ LOG SEQ SIZE:0 ==================
[TRACE] 2022/04/21 08:45:16.246158 ================ LOG SEQ SIZE:0 ==================
[TRACE] 2022/04/21 08:50:16.249529 ================ LOG SEQ SIZE:0 ==================
[TRACE] 2022/04/21 08:55:16.252721 ================ LOG SEQ SIZE:0 ==================
[TRACE] 2022/04/21 09:00:16.250504 ================ LOG SEQ SIZE:0 ==================
[TRACE] 2022/04/21 09:05:16.247013 ================ LOG SEQ SIZE:0 ==================
[TRACE] 2022/04/21 09:10:16.240826 ================ LOG SEQ SIZE:0 ==================
[TRACE] 2022/04/21 09:15:16.240441 ================ LOG SEQ SIZE:0 ==================
[TRACE] 2022/04/21 09:20:16.253144 ================ LOG SEQ SIZE:0 ==================
[TRACE] 2022/04/21 09:25:16.241744 ================ LOG SEQ SIZE:0 ==================
[TRACE] 2022/04/21 09:30:16.244706 ================ LOG SEQ SIZE:0 ==================
[TRACE] 2022/04/21 09:35:16.243281 ================ LOG SEQ SIZE:0 ==================
[TRACE] 2022/04/21 09:40:16.245772 ================ LOG SEQ SIZE:0 ==================
[TRACE] 2022/04/21 09:45:16.239291 ================ LOG SEQ SIZE:0 ==================
[TRACE] 2022/04/21 09:50:16.243950 ================ LOG SEQ SIZE:0 ==================
[TRACE] 2022/04/21 09:55:16.250741 ================ LOG SEQ SIZE:0 ==================
[TRACE] 2022/04/21 10:00:16.247169 ================ LOG SEQ SIZE:0 ==================
[TRACE] 2022/04/21 10:05:16.251921 ================ LOG SEQ SIZE:0 ==================
[TRACE] 2022/04/21 10:10:16.239123 ================ LOG SEQ SIZE:0 ==================
[TRACE] 2022/04/21 10:15:16.251861 ================ LOG SEQ SIZE:0 ==================
[TRACE] 2022/04/21 10:20:16.251820 ================ LOG SEQ SIZE:0 ==================
[TRACE] 2022/04/21 10:25:16.244808 ================ LOG SEQ SIZE:0 ==================
[TRACE] 2022/04/21 10:30:16.245846 ================ LOG SEQ SIZE:0 ==================
[TRACE] 2022/04/21 10:35:16.249714 ================ LOG SEQ SIZE:0 ==================
[TRACE] 2022/04/21 10:40:16.240782 ================ LOG SEQ SIZE:0 ==================
[TRACE] 2022/04/21 10:45:16.251008 ================ LOG SEQ SIZE:0 ==================
[TRACE] 2022/04/21 10:50:16.240346 ================ LOG SEQ SIZE:0 ==================
[TRACE] 2022/04/21 10:55:16.237695 ================ LOG SEQ SIZE:0 ==================
[TRACE] 2022/04/21 11:00:16.245483 ================ LOG SEQ SIZE:0 ==================
[TRACE] 2022/04/21 11:05:16.242290 ================ LOG SEQ SIZE:0 ==================
[TRACE] 2022/04/21 11:10:16.252223 ================ LOG SEQ SIZE:0 ==================
[TRACE] 2022/04/21 11:15:16.240621 ================ LOG SEQ SIZE:0 ==================
[TRACE] 2022/04/21 11:20:16.251512 ================ LOG SEQ SIZE:0 ==================
[TRACE] 2022/04/21 11:25:16.247467 ================ LOG SEQ SIZE:0 ==================
[TRACE] 2022/04/21 11:30:16.250987 ================ LOG SEQ SIZE:0 ==================
[TRACE] 2022/04/21 11:35:16.238718 ================ LOG SEQ SIZE:0 ==================
[TRACE] 2022/04/21 11:40:16.248176 ================ LOG SEQ SIZE:0 ==================
[TRACE] 2022/04/21 11:45:16.250911 ================ LOG SEQ SIZE:0 ==================
[TRACE] 2022/04/21 11:50:16.241838 ================ LOG SEQ SIZE:0 ==================
[TRACE] 2022/04/21 11:55:16.246130 ================ LOG SEQ SIZE:0 ==================
[TRACE] 2022/04/21 12:00:16.250001 ================ LOG SEQ SIZE:0 ==================
[TRACE] 2022/04/21 12:05:16.238735 ================ LOG SEQ SIZE:0 ==================
[TRACE] 2022/04/21 12:10:16.237817 ================ LOG SEQ SIZE:0 ==================
[TRACE] 2022/04/21 12:15:16.242148 ================ LOG SEQ SIZE:0 ==================
[TRACE] 2022/04/21 12:20:16.238544 ================ LOG SEQ SIZE:0 ==================
[TRACE] 2022/04/21 12:25:16.246689 ================ LOG SEQ SIZE:0 ==================
[TRACE] 2022/04/21 12:30:16.244981 ================ LOG SEQ SIZE:0 ==================
[TRACE] 2022/04/21 12:35:16.251200 ================ LOG SEQ SIZE:0 ==================
[TRACE] 2022/04/21 12:40:16.249530 ================ LOG SEQ SIZE:0 ==================
[TRACE] 2022/04/21 12:45:16.245303 ================ LOG SEQ SIZE:0 ==================
[TRACE] 2022/04/21 12:50:16.240171 ================ LOG SEQ SIZE:0 ==================
[TRACE] 2022/04/21 12:55:16.246542 ================ LOG SEQ SIZE:0 ==================
[TRACE] 2022/04/21 13:00:16.239869 ================ LOG SEQ SIZE:0 ==================
[TRACE] 2022/04/21 13:05:16.239459 ================ LOG SEQ SIZE:0 ==================
[TRACE] 2022/04/21 13:10:16.248550 ================ LOG SEQ SIZE:0 ==================
[TRACE] 2022/04/21 13:15:16.241869 ================ LOG SEQ SIZE:0 ==================
[TRACE] 2022/04/21 13:20:16.245299 ================ LOG SEQ SIZE:0 ==================
[TRACE] 2022/04/21 13:25:16.237677 ================ LOG SEQ SIZE:0 ==================
[TRACE] 2022/04/21 13:30:16.238324 ================ LOG SEQ SIZE:0 ==================
[TRACE] 2022/04/21 13:35:16.252423 ================ LOG SEQ SIZE:0 ==================
[TRACE] 2022/04/21 13:40:16.246528 ================ LOG SEQ SIZE:0 ==================
[TRACE] 2022/04/21 13:45:16.240564 ================ LOG SEQ SIZE:0 ==================
[TRACE] 2022/04/21 13:50:16.241603 ================ LOG SEQ SIZE:0 ==================
[TRACE] 2022/04/21 13:55:16.240775 ================ LOG SEQ SIZE:0 ==================
[TRACE] 2022/04/21 14:00:16.238894 ================ LOG SEQ SIZE:0 ==================
[TRACE] 2022/04/21 14:05:16.238395 ================ LOG SEQ SIZE:0 ==================
[TRACE] 2022/04/21 14:10:16.249396 ================ LOG SEQ SIZE:0 ==================
[TRACE] 2022/04/21 14:15:16.250604 ================ LOG SEQ SIZE:0 ==================
[TRACE] 2022/04/21 14:20:16.241043 ================ LOG SEQ SIZE:0 ==================
[TRACE] 2022/04/21 14:25:16.245780 ================ LOG SEQ SIZE:0 ==================
[TRACE] 2022/04/21 14:30:16.239206 ================ LOG SEQ SIZE:0 ==================
[TRACE] 2022/04/21 14:35:16.251931 ================ LOG SEQ SIZE:0 ==================
[TRACE] 2022/04/21 14:40:16.249075 ================ LOG SEQ SIZE:0 ==================
[TRACE] 2022/04/21 14:45:16.240702 ================ LOG SEQ SIZE:0 ==================
[TRACE] 2022/04/21 14:50:16.241596 ================ LOG SEQ SIZE:0 ==================
[TRACE] 2022/04/21 14:55:16.240934 ================ LOG SEQ SIZE:0 ==================
[TRACE] 2022/04/21 15:00:16.250688 ================ LOG SEQ SIZE:0 ==================
[TRACE] 2022/04/21 15:05:16.252753 ================ LOG SEQ SIZE:0 ==================
[TRACE] 2022/04/21 15:10:16.244431 ================ LOG SEQ SIZE:0 ==================
[TRACE] 2022/04/21 15:15:16.248777 ================ LOG SEQ SIZE:0 ==================
[TRACE] 2022/04/21 15:20:16.246918 ================ LOG SEQ SIZE:0 ==================
[TRACE] 2022/04/21 15:25:16.245267 ================ LOG SEQ SIZE:0 ==================
[TRACE] 2022/04/21 15:30:16.241108 ================ LOG SEQ SIZE:0 ==================
[TRACE] 2022/04/21 15:35:16.244182 ================ LOG SEQ SIZE:0 ==================
[TRACE] 2022/04/21 15:40:16.240646 ================ LOG SEQ SIZE:0 ==================
[TRACE] 2022/04/21 15:45:16.241583 ================ LOG SEQ SIZE:0 ==================
[TRACE] 2022/04/21 15:50:16.252449 ================ LOG SEQ SIZE:0 ==================
[TRACE] 2022/04/21 15:55:16.242109 ================ LOG SEQ SIZE:0 ==================
[TRACE] 2022/04/21 16:00:16.241792 ================ LOG SEQ SIZE:0 ==================
[TRACE] 2022/04/21 16:05:16.238951 ================ LOG SEQ SIZE:0 ==================
[TRACE] 2022/04/21 16:10:16.248096 ================ LOG SEQ SIZE:0 ==================
[TRACE] 2022/04/21 16:15:16.249672 ================ LOG SEQ SIZE:0 ==================
[TRACE] 2022/04/21 16:20:16.252168 ================ LOG SEQ SIZE:0 ==================
[TRACE] 2022/04/21 16:25:16.242176 ================ LOG SEQ SIZE:0 ==================
[TRACE] 2022/04/21 16:30:16.245468 ================ LOG SEQ SIZE:0 ==================
[TRACE] 2022/04/21 16:35:16.244288 ================ LOG SEQ SIZE:0 ==================
[TRACE] 2022/04/21 16:40:16.244453 ================ LOG SEQ SIZE:0 ==================
[TRACE] 2022/04/21 16:45:16.245350 ================ LOG SEQ SIZE:0 ==================
[TRACE] 2022/04/21 16:50:16.243565 ================ LOG SEQ SIZE:0 ==================
[TRACE] 2022/04/21 16:55:16.244695 ================ LOG SEQ SIZE:0 ==================
[TRACE] 2022/04/21 17:00:16.245325 ================ LOG SEQ SIZE:0 ==================
[TRACE] 2022/04/21 17:05:16.252069 ================ LOG SEQ SIZE:0 ==================
[TRACE] 2022/04/21 17:10:16.247357 ================ LOG SEQ SIZE:0 ==================
[TRACE] 2022/04/21 17:15:16.247517 ================ LOG SEQ SIZE:0 ==================
[TRACE] 2022/04/21 17:20:16.239506 ================ LOG SEQ SIZE:0 ==================
[TRACE] 2022/04/21 17:25:16.246012 ================ LOG SEQ SIZE:0 ==================
